04:45:00 PM: DEBUG [logger_base.py:12] Mensaje a nivel debug
04:45:00 PM: INFO [logger_base.py:13] Mensaje a nivel info
04:45:00 PM: WARNING [logger_base.py:14] Mensaje a nivel de warning
04:45:00 PM: ERROR [logger_base.py:15] Mensaje a nivel de error
04:45:00 PM: CRITICAL [logger_base.py:16] Mensaje a nivel critico
12:24:51 PM: DEBUG [Persona.py:43] 
            Id Persona: 1,
            Nombre: Juan, 
            Apellido: Esparza
            
12:26:44 PM: DEBUG [Persona.py:43] 
            Id Persona: 1,
            Nombre: Juan, 
            Apellido: Esparza
            
12:55:03 PM: DEBUG [Conexion.py:20] Conexion exitosa
12:55:40 PM: DEBUG [Conexion.py:20] Conexion exitosa
12:55:40 PM: DEBUG [Conexion.py:33] Se abrio correctamente el cursor
01:13:27 PM: DEBUG [Conexion.py:20] Conexion exitosa
01:13:27 PM: DEBUG [Conexion.py:33] Se abrio correctamente el cursor
01:13:46 PM: DEBUG [Conexion.py:20] Conexion exitosa
01:13:46 PM: DEBUG [Conexion.py:33] Se abrio correctamente el cursor
01:14:34 PM: DEBUG [Conexion.py:20] Conexion exitosa
01:14:34 PM: DEBUG [Conexion.py:33] Se abrio correctamente el cursor
10:43:27 AM: DEBUG [Conexion.py:20] Conexion exitosa
10:43:27 AM: DEBUG [Conexion.py:33] Se abrio correctamente el cursor
01:01:15 PM: DEBUG [Conexion.py:20] Conexion exitosa
01:01:15 PM: DEBUG [Conexion.py:33] Se abrio correctamente el cursor
01:02:08 PM: DEBUG [Conexion.py:20] Conexion exitosa
01:02:08 PM: DEBUG [Conexion.py:33] Se abrio correctamente el cursor
01:03:53 PM: DEBUG [Conexion.py:20] Conexion exitosa
01:03:53 PM: DEBUG [Conexion.py:33] Se abrio correctamente el cursor
01:04:34 PM: DEBUG [Conexion.py:20] Conexion exitosa
01:04:34 PM: DEBUG [Conexion.py:33] Se abrio correctamente el cursor
02:56:23 PM: DEBUG [Conexion.py:20] Conexion exitosa
02:56:23 PM: DEBUG [Conexion.py:33] Se abrio correctamente el cursor
